<?xml version="1.0" encoding="UTF-8"?>
<testng-results ignored="0" total="1" passed="1" failed="0" skipped="0">
  <reporter-output>
  </reporter-output>
  <suite started-at="2026-05-21T09:40:36 IST" name="Default suite" finished-at="2026-05-21T09:41:11 IST" duration-ms="35399">
    <groups>
    </groups>
    <test started-at="2026-05-21T09:40:36 IST" name="Default test" finished-at="2026-05-21T09:41:11 IST" duration-ms="35399">
      <class name="OutdoorToysSearch.OutdoorToysSearch.OutdoorSearchToy">
        <test-method is-config="true" signature="setup()[pri:0, instance:OutdoorToysSearch.OutdoorToysSearch.OutdoorSearchToy@20d525]" started-at="2026-05-21T09:40:36 IST" name="setup" finished-at="2026-05-21T09:40:43 IST" duration-ms="7092" status="PASS">
          <reporter-output>
          </reporter-output>
        </test-method> <!-- setup -->
        <test-method signature="executeRequirements()[pri:0, instance:OutdoorToysSearch.OutdoorToysSearch.OutdoorSearchToy@20d525]" started-at="2026-05-21T09:40:43 IST" name="executeRequirements" finished-at="2026-05-21T09:41:03 IST" duration-ms="19697" status="PASS">
          <reporter-output>
          </reporter-output>
        </test-method> <!-- executeRequirements -->
        <test-method is-config="true" signature="tearDown()[pri:0, instance:OutdoorToysSearch.OutdoorToysSearch.OutdoorSearchToy@20d525]" started-at="2026-05-21T09:41:03 IST" name="tearDown" finished-at="2026-05-21T09:41:11 IST" duration-ms="8474" status="PASS">
          <reporter-output>
          </reporter-output>
        </test-method> <!-- tearDown -->
      </class> <!-- OutdoorToysSearch.OutdoorToysSearch.OutdoorSearchToy -->
    </test> <!-- Default test -->
  </suite> <!-- Default suite -->
</testng-results>
